<?xml version="1.0" encoding="UTF-8"?>
<testng-results ignored="1" total="2" passed="1" failed="0" skipped="0">
  <reporter-output>
  </reporter-output>
  <suite started-at="2022-07-25T09:13:17 IST" name="Default suite" finished-at="2022-07-25T09:13:17 IST" duration-ms="47">
    <groups>
    </groups>
    <test started-at="2022-07-25T09:13:17 IST" name="Default test" finished-at="2022-07-25T09:13:17 IST" duration-ms="47">
      <class name="com.sgtesting.softassertion.AssertSameDemo">
        <test-method signature="assertNotSameDemo1()[pri:0, instance:com.sgtesting.softassertion.AssertSameDemo@2e1d27ba]" started-at="2022-07-25T09:13:17 IST" name="assertNotSameDemo1" finished-at="2022-07-25T09:13:17 IST" duration-ms="12" status="PASS">
          <reporter-output>
          </reporter-output>
        </test-method> <!-- assertNotSameDemo1 -->
      </class> <!-- com.sgtesting.softassertion.AssertSameDemo -->
    </test> <!-- Default test -->
  </suite> <!-- Default suite -->
</testng-results>
