<?xml version="1.0" encoding="UTF-8"?>
<!-- Generated by org.testng.reporters.JUnitXMLReporter -->
<testsuite ignored="1" hostname="DESKTOP-NNGQNDK" failures="0" tests="1" name="Default test" time="0.047" errors="0" timestamp="2022-07-25T09:13:17 IST">
  <testcase classname="com.sgtesting.softassertion.AssertSameDemo" name="assertNotSameDemo1" time="0.012"/>
  <testcase classname="com.sgtesting.softassertion.AssertSameDemo" name="assertSameDemo1" time="0.0">
    <ignored/>
  </testcase> <!-- assertSameDemo1 -->
</testsuite> <!-- Default test -->
