<?xml version="1.0" encoding="UTF-8"?>
<!-- Generated by org.testng.reporters.JUnitXMLReporter -->
<testsuite ignored="4" hostname="DESKTOP-NNGQNDK" failures="0" tests="2" name="Users and Products" time="0.05" errors="0" timestamp="2022-07-22T09:24:39 IST">
  <testcase classname="com.sgtesting.users.Users" name="createUser" time="0.005"/>
  <testcase classname="com.sgtesting.products.Products" name="createProduct" time="0.002"/>
  <testcase classname="com.sgtesting.users.Users" name="modifyUser" time="0.0">
    <ignored/>
  </testcase> <!-- modifyUser -->
  <testcase classname="com.sgtesting.products.Products" name="modifyProduct" time="0.0">
    <ignored/>
  </testcase> <!-- modifyProduct -->
  <testcase classname="com.sgtesting.products.Products" name="deleteProduct" time="0.0">
    <ignored/>
  </testcase> <!-- deleteProduct -->
  <testcase classname="com.sgtesting.users.Users" name="deleteUser" time="0.0">
    <ignored/>
  </testcase> <!-- deleteUser -->
</testsuite> <!-- Users and Products -->
