<?xml version="1.0" encoding="UTF-8"?>
<!-- Generated by org.testng.reporters.JUnitXMLReporter -->
<testsuite ignored="0" hostname="DESKTOP-NNGQNDK" failures="0" tests="6" name="User and Products" time="0.06" errors="0" timestamp="2022-07-22T09:09:01 IST">
  <testcase classname="com.sgtesting.users.Users" name="createUser" time="0.005"/>
  <testcase classname="com.sgtesting.users.Users" name="deleteUser" time="0.004"/>
  <testcase classname="com.sgtesting.users.Users" name="modifyUser" time="0.001"/>
  <testcase classname="com.sgtesting.products.Products" name="createProduct" time="0.001"/>
  <testcase classname="com.sgtesting.products.Products" name="deleteProduct" time="0.001"/>
  <testcase classname="com.sgtesting.products.Products" name="modifyProduct" time="0.002"/>
</testsuite> <!-- User and Products -->
